<?xml version="1.0" encoding="UTF-8"?>
<!-- Generated by org.testng.reporters.JUnitReportReporter -->
<testsuite skipped="0" hostname="DESKTOP-83JUM21" name="testcases.Verimi" tests="4" failures="0" timestamp="2023-01-23T19:18:18 IST" time="16.476" errors="0">
  <testcase name="testcases4" time="0.434" classname="testcases.Verimi"/>
  <system-out/>
  <testcase name="testcases3" time="0.026" classname="testcases.Verimi"/>
  <system-out/>
  <testcase name="testcases1" time="3.837" classname="testcases.Verimi"/>
  <system-out/>
  <testcase name="testcases2" time="12.179" classname="testcases.Verimi"/>
  <system-out/>
</testsuite> <!-- testcases.Verimi -->
